CRITICAL - 2023-09-21 10:25:15 --> Undefined variable $student
in APPPATH\Views\products.php on line 76.
 1 APPPATH\Views\products.php(76): CodeIgniter\Debug\Exceptions->errorHandler(2, 'Undefined variable $student', 'C:\\laragon\\www\\Products\\app\\Views\\products.php', 76)
 2 SYSTEMPATH\View\View.php(226): include('C:\\laragon\\www\\Products\\app\\Views\\products.php')
 3 SYSTEMPATH\View\View.php(229): CodeIgniter\View\View->CodeIgniter\View\{closure}()
 4 SYSTEMPATH\Common.php(1188): CodeIgniter\View\View->render('products', [], true)
 5 APPPATH\Controllers\ProductsController.php(15): view('products')
 6 SYSTEMPATH\CodeIgniter.php(919): App\Controllers\ProductsController->Bacay()
 7 SYSTEMPATH\CodeIgniter.php(494): CodeIgniter\CodeIgniter->runController(Object(App\Controllers\ProductsController))
 8 SYSTEMPATH\CodeIgniter.php(353): CodeIgniter\CodeIgniter->handleRequest(null, Object(Config\Cache), false)
 9 FCPATH\index.php(79): CodeIgniter\CodeIgniter->run()
10 SYSTEMPATH\Commands\Server\rewrite.php(47): require_once('C:\\laragon\\www\\Products\\public\\index.php')
CRITICAL - 2023-09-21 10:26:17 --> Undefined variable $products
in APPPATH\Views\products.php on line 76.
 1 APPPATH\Views\products.php(76): CodeIgniter\Debug\Exceptions->errorHandler(2, 'Undefined variable $products', 'C:\\laragon\\www\\Products\\app\\Views\\products.php', 76)
 2 SYSTEMPATH\View\View.php(226): include('C:\\laragon\\www\\Products\\app\\Views\\products.php')
 3 SYSTEMPATH\View\View.php(229): CodeIgniter\View\View->CodeIgniter\View\{closure}()
 4 SYSTEMPATH\Common.php(1188): CodeIgniter\View\View->render('products', [], true)
 5 APPPATH\Controllers\ProductsController.php(15): view('products')
 6 SYSTEMPATH\CodeIgniter.php(919): App\Controllers\ProductsController->Bacay()
 7 SYSTEMPATH\CodeIgniter.php(494): CodeIgniter\CodeIgniter->runController(Object(App\Controllers\ProductsController))
 8 SYSTEMPATH\CodeIgniter.php(353): CodeIgniter\CodeIgniter->handleRequest(null, Object(Config\Cache), false)
 9 FCPATH\index.php(79): CodeIgniter\CodeIgniter->run()
10 SYSTEMPATH\Commands\Server\rewrite.php(47): require_once('C:\\laragon\\www\\Products\\public\\index.php')
CRITICAL - 2023-09-21 10:27:28 --> Undefined variable $products
in APPPATH\Views\products.php on line 76.
 1 APPPATH\Views\products.php(76): CodeIgniter\Debug\Exceptions->errorHandler(2, 'Undefined variable $products', 'C:\\laragon\\www\\Products\\app\\Views\\products.php', 76)
 2 SYSTEMPATH\View\View.php(226): include('C:\\laragon\\www\\Products\\app\\Views\\products.php')
 3 SYSTEMPATH\View\View.php(229): CodeIgniter\View\View->CodeIgniter\View\{closure}()
 4 SYSTEMPATH\Common.php(1188): CodeIgniter\View\View->render('products', [], true)
 5 APPPATH\Controllers\ProductsController.php(15): view('products')
 6 SYSTEMPATH\CodeIgniter.php(919): App\Controllers\ProductsController->Bacay()
 7 SYSTEMPATH\CodeIgniter.php(494): CodeIgniter\CodeIgniter->runController(Object(App\Controllers\ProductsController))
 8 SYSTEMPATH\CodeIgniter.php(353): CodeIgniter\CodeIgniter->handleRequest(null, Object(Config\Cache), false)
 9 FCPATH\index.php(79): CodeIgniter\CodeIgniter->run()
10 SYSTEMPATH\Commands\Server\rewrite.php(47): require_once('C:\\laragon\\www\\Products\\public\\index.php')
CRITICAL - 2023-09-21 10:27:29 --> Undefined variable $products
in APPPATH\Views\products.php on line 76.
 1 APPPATH\Views\products.php(76): CodeIgniter\Debug\Exceptions->errorHandler(2, 'Undefined variable $products', 'C:\\laragon\\www\\Products\\app\\Views\\products.php', 76)
 2 SYSTEMPATH\View\View.php(226): include('C:\\laragon\\www\\Products\\app\\Views\\products.php')
 3 SYSTEMPATH\View\View.php(229): CodeIgniter\View\View->CodeIgniter\View\{closure}()
 4 SYSTEMPATH\Common.php(1188): CodeIgniter\View\View->render('products', [], true)
 5 APPPATH\Controllers\ProductsController.php(15): view('products')
 6 SYSTEMPATH\CodeIgniter.php(919): App\Controllers\ProductsController->Bacay()
 7 SYSTEMPATH\CodeIgniter.php(494): CodeIgniter\CodeIgniter->runController(Object(App\Controllers\ProductsController))
 8 SYSTEMPATH\CodeIgniter.php(353): CodeIgniter\CodeIgniter->handleRequest(null, Object(Config\Cache), false)
 9 FCPATH\index.php(79): CodeIgniter\CodeIgniter->run()
10 SYSTEMPATH\Commands\Server\rewrite.php(47): require_once('C:\\laragon\\www\\Products\\public\\index.php')
CRITICAL - 2023-09-21 10:27:29 --> Undefined variable $products
in APPPATH\Views\products.php on line 76.
 1 APPPATH\Views\products.php(76): CodeIgniter\Debug\Exceptions->errorHandler(2, 'Undefined variable $products', 'C:\\laragon\\www\\Products\\app\\Views\\products.php', 76)
 2 SYSTEMPATH\View\View.php(226): include('C:\\laragon\\www\\Products\\app\\Views\\products.php')
 3 SYSTEMPATH\View\View.php(229): CodeIgniter\View\View->CodeIgniter\View\{closure}()
 4 SYSTEMPATH\Common.php(1188): CodeIgniter\View\View->render('products', [], true)
 5 APPPATH\Controllers\ProductsController.php(15): view('products')
 6 SYSTEMPATH\CodeIgniter.php(919): App\Controllers\ProductsController->Bacay()
 7 SYSTEMPATH\CodeIgniter.php(494): CodeIgniter\CodeIgniter->runController(Object(App\Controllers\ProductsController))
 8 SYSTEMPATH\CodeIgniter.php(353): CodeIgniter\CodeIgniter->handleRequest(null, Object(Config\Cache), false)
 9 FCPATH\index.php(79): CodeIgniter\CodeIgniter->run()
10 SYSTEMPATH\Commands\Server\rewrite.php(47): require_once('C:\\laragon\\www\\Products\\public\\index.php')
CRITICAL - 2023-09-21 12:40:08 --> Undefined variable $products
in APPPATH\Views\products.php on line 74.
 1 APPPATH\Views\products.php(74): CodeIgniter\Debug\Exceptions->errorHandler(2, 'Undefined variable $products', 'C:\\laragon\\www\\Products\\app\\Views\\products.php', 74)
 2 SYSTEMPATH\View\View.php(226): include('C:\\laragon\\www\\Products\\app\\Views\\products.php')
 3 SYSTEMPATH\View\View.php(229): CodeIgniter\View\View->CodeIgniter\View\{closure}()
 4 SYSTEMPATH\Common.php(1188): CodeIgniter\View\View->render('products', [], true)
 5 APPPATH\Controllers\ProductsController.php(21): view('products')
 6 SYSTEMPATH\CodeIgniter.php(919): App\Controllers\ProductsController->Bacay()
 7 SYSTEMPATH\CodeIgniter.php(494): CodeIgniter\CodeIgniter->runController(Object(App\Controllers\ProductsController))
 8 SYSTEMPATH\CodeIgniter.php(353): CodeIgniter\CodeIgniter->handleRequest(null, Object(Config\Cache), false)
 9 FCPATH\index.php(79): CodeIgniter\CodeIgniter->run()
10 SYSTEMPATH\Commands\Server\rewrite.php(47): require_once('C:\\laragon\\www\\Products\\public\\index.php')
CRITICAL - 2023-09-21 12:42:04 --> Undefined variable $product
in APPPATH\Views\products.php on line 74.
 1 APPPATH\Views\products.php(74): CodeIgniter\Debug\Exceptions->errorHandler(2, 'Undefined variable $product', 'C:\\laragon\\www\\Products\\app\\Views\\products.php', 74)
 2 SYSTEMPATH\View\View.php(226): include('C:\\laragon\\www\\Products\\app\\Views\\products.php')
 3 SYSTEMPATH\View\View.php(229): CodeIgniter\View\View->CodeIgniter\View\{closure}()
 4 SYSTEMPATH\Common.php(1188): CodeIgniter\View\View->render('products', [], true)
 5 APPPATH\Controllers\ProductsController.php(21): view('products')
 6 SYSTEMPATH\CodeIgniter.php(919): App\Controllers\ProductsController->Bacay()
 7 SYSTEMPATH\CodeIgniter.php(494): CodeIgniter\CodeIgniter->runController(Object(App\Controllers\ProductsController))
 8 SYSTEMPATH\CodeIgniter.php(353): CodeIgniter\CodeIgniter->handleRequest(null, Object(Config\Cache), false)
 9 FCPATH\index.php(79): CodeIgniter\CodeIgniter->run()
10 SYSTEMPATH\Commands\Server\rewrite.php(47): require_once('C:\\laragon\\www\\Products\\public\\index.php')
CRITICAL - 2023-09-21 12:44:28 --> Invalid file: "product.php"
in SYSTEMPATH\Exceptions\FrameworkException.php on line 39.
 1 SYSTEMPATH\View\View.php(214): CodeIgniter\Exceptions\FrameworkException::forInvalidFile('product.php')
 2 SYSTEMPATH\Common.php(1188): CodeIgniter\View\View->render('product', [], true)
 3 APPPATH\Controllers\ProductsController.php(21): view('product')
 4 SYSTEMPATH\CodeIgniter.php(919): App\Controllers\ProductsController->Bacay()
 5 SYSTEMPATH\CodeIgniter.php(494): CodeIgniter\CodeIgniter->runController(Object(App\Controllers\ProductsController))
 6 SYSTEMPATH\CodeIgniter.php(353): CodeIgniter\CodeIgniter->handleRequest(null, Object(Config\Cache), false)
 7 FCPATH\index.php(79): CodeIgniter\CodeIgniter->run()
 8 SYSTEMPATH\Commands\Server\rewrite.php(47): require_once('C:\\laragon\\www\\Products\\public\\index.php')
CRITICAL - 2023-09-21 12:45:11 --> Undefined variable $products
in APPPATH\Views\products.php on line 74.
 1 APPPATH\Views\products.php(74): CodeIgniter\Debug\Exceptions->errorHandler(2, 'Undefined variable $products', 'C:\\laragon\\www\\Products\\app\\Views\\products.php', 74)
 2 SYSTEMPATH\View\View.php(226): include('C:\\laragon\\www\\Products\\app\\Views\\products.php')
 3 SYSTEMPATH\View\View.php(229): CodeIgniter\View\View->CodeIgniter\View\{closure}()
 4 SYSTEMPATH\Common.php(1188): CodeIgniter\View\View->render('products', [], true)
 5 APPPATH\Controllers\ProductsController.php(21): view('products')
 6 SYSTEMPATH\CodeIgniter.php(919): App\Controllers\ProductsController->Bacay()
 7 SYSTEMPATH\CodeIgniter.php(494): CodeIgniter\CodeIgniter->runController(Object(App\Controllers\ProductsController))
 8 SYSTEMPATH\CodeIgniter.php(353): CodeIgniter\CodeIgniter->handleRequest(null, Object(Config\Cache), false)
 9 FCPATH\index.php(79): CodeIgniter\CodeIgniter->run()
10 SYSTEMPATH\Commands\Server\rewrite.php(47): require_once('C:\\laragon\\www\\Products\\public\\index.php')
CRITICAL - 2023-09-21 12:45:56 --> Undefined variable $products
in APPPATH\Views\products.php on line 74.
 1 APPPATH\Views\products.php(74): CodeIgniter\Debug\Exceptions->errorHandler(2, 'Undefined variable $products', 'C:\\laragon\\www\\Products\\app\\Views\\products.php', 74)
 2 SYSTEMPATH\View\View.php(226): include('C:\\laragon\\www\\Products\\app\\Views\\products.php')
 3 SYSTEMPATH\View\View.php(229): CodeIgniter\View\View->CodeIgniter\View\{closure}()
 4 SYSTEMPATH\Common.php(1188): CodeIgniter\View\View->render('products', [], true)
 5 APPPATH\Controllers\ProductsController.php(21): view('products')
 6 SYSTEMPATH\CodeIgniter.php(919): App\Controllers\ProductsController->Bacay()
 7 SYSTEMPATH\CodeIgniter.php(494): CodeIgniter\CodeIgniter->runController(Object(App\Controllers\ProductsController))
 8 SYSTEMPATH\CodeIgniter.php(353): CodeIgniter\CodeIgniter->handleRequest(null, Object(Config\Cache), false)
 9 FCPATH\index.php(79): CodeIgniter\CodeIgniter->run()
10 SYSTEMPATH\Commands\Server\rewrite.php(47): require_once('C:\\laragon\\www\\Products\\public\\index.php')
CRITICAL - 2023-09-21 12:45:57 --> Undefined variable $products
in APPPATH\Views\products.php on line 74.
 1 APPPATH\Views\products.php(74): CodeIgniter\Debug\Exceptions->errorHandler(2, 'Undefined variable $products', 'C:\\laragon\\www\\Products\\app\\Views\\products.php', 74)
 2 SYSTEMPATH\View\View.php(226): include('C:\\laragon\\www\\Products\\app\\Views\\products.php')
 3 SYSTEMPATH\View\View.php(229): CodeIgniter\View\View->CodeIgniter\View\{closure}()
 4 SYSTEMPATH\Common.php(1188): CodeIgniter\View\View->render('products', [], true)
 5 APPPATH\Controllers\ProductsController.php(21): view('products')
 6 SYSTEMPATH\CodeIgniter.php(919): App\Controllers\ProductsController->Bacay()
 7 SYSTEMPATH\CodeIgniter.php(494): CodeIgniter\CodeIgniter->runController(Object(App\Controllers\ProductsController))
 8 SYSTEMPATH\CodeIgniter.php(353): CodeIgniter\CodeIgniter->handleRequest(null, Object(Config\Cache), false)
 9 FCPATH\index.php(79): CodeIgniter\CodeIgniter->run()
10 SYSTEMPATH\Commands\Server\rewrite.php(47): require_once('C:\\laragon\\www\\Products\\public\\index.php')
CRITICAL - 2023-09-21 12:46:09 --> Undefined variable $product
in APPPATH\Views\products.php on line 74.
 1 APPPATH\Views\products.php(74): CodeIgniter\Debug\Exceptions->errorHandler(2, 'Undefined variable $product', 'C:\\laragon\\www\\Products\\app\\Views\\products.php', 74)
 2 SYSTEMPATH\View\View.php(226): include('C:\\laragon\\www\\Products\\app\\Views\\products.php')
 3 SYSTEMPATH\View\View.php(229): CodeIgniter\View\View->CodeIgniter\View\{closure}()
 4 SYSTEMPATH\Common.php(1188): CodeIgniter\View\View->render('products', [], true)
 5 APPPATH\Controllers\ProductsController.php(21): view('products')
 6 SYSTEMPATH\CodeIgniter.php(919): App\Controllers\ProductsController->Bacay()
 7 SYSTEMPATH\CodeIgniter.php(494): CodeIgniter\CodeIgniter->runController(Object(App\Controllers\ProductsController))
 8 SYSTEMPATH\CodeIgniter.php(353): CodeIgniter\CodeIgniter->handleRequest(null, Object(Config\Cache), false)
 9 FCPATH\index.php(79): CodeIgniter\CodeIgniter->run()
10 SYSTEMPATH\Commands\Server\rewrite.php(47): require_once('C:\\laragon\\www\\Products\\public\\index.php')
CRITICAL - 2023-09-21 12:47:48 --> Invalid file: "product.php"
in SYSTEMPATH\Exceptions\FrameworkException.php on line 39.
 1 SYSTEMPATH\View\View.php(214): CodeIgniter\Exceptions\FrameworkException::forInvalidFile('product.php')
 2 SYSTEMPATH\Common.php(1188): CodeIgniter\View\View->render('product', [], true)
 3 APPPATH\Controllers\ProductsController.php(21): view('product')
 4 SYSTEMPATH\CodeIgniter.php(919): App\Controllers\ProductsController->Bacay()
 5 SYSTEMPATH\CodeIgniter.php(494): CodeIgniter\CodeIgniter->runController(Object(App\Controllers\ProductsController))
 6 SYSTEMPATH\CodeIgniter.php(353): CodeIgniter\CodeIgniter->handleRequest(null, Object(Config\Cache), false)
 7 FCPATH\index.php(79): CodeIgniter\CodeIgniter->run()
 8 SYSTEMPATH\Commands\Server\rewrite.php(47): require_once('C:\\laragon\\www\\Products\\public\\index.php')
CRITICAL - 2023-09-21 12:51:49 --> Invalid file: "product.php"
in SYSTEMPATH\Exceptions\FrameworkException.php on line 39.
 1 SYSTEMPATH\View\View.php(214): CodeIgniter\Exceptions\FrameworkException::forInvalidFile('product.php')
 2 SYSTEMPATH\Common.php(1188): CodeIgniter\View\View->render('product', [], true)
 3 APPPATH\Controllers\ProductsController.php(21): view('product')
 4 SYSTEMPATH\CodeIgniter.php(919): App\Controllers\ProductsController->Bacay()
 5 SYSTEMPATH\CodeIgniter.php(494): CodeIgniter\CodeIgniter->runController(Object(App\Controllers\ProductsController))
 6 SYSTEMPATH\CodeIgniter.php(353): CodeIgniter\CodeIgniter->handleRequest(null, Object(Config\Cache), false)
 7 FCPATH\index.php(79): CodeIgniter\CodeIgniter->run()
 8 SYSTEMPATH\Commands\Server\rewrite.php(47): require_once('C:\\laragon\\www\\Products\\public\\index.php')
CRITICAL - 2023-09-21 12:51:50 --> Invalid file: "product.php"
in SYSTEMPATH\Exceptions\FrameworkException.php on line 39.
 1 SYSTEMPATH\View\View.php(214): CodeIgniter\Exceptions\FrameworkException::forInvalidFile('product.php')
 2 SYSTEMPATH\Common.php(1188): CodeIgniter\View\View->render('product', [], true)
 3 APPPATH\Controllers\ProductsController.php(21): view('product')
 4 SYSTEMPATH\CodeIgniter.php(919): App\Controllers\ProductsController->Bacay()
 5 SYSTEMPATH\CodeIgniter.php(494): CodeIgniter\CodeIgniter->runController(Object(App\Controllers\ProductsController))
 6 SYSTEMPATH\CodeIgniter.php(353): CodeIgniter\CodeIgniter->handleRequest(null, Object(Config\Cache), false)
 7 FCPATH\index.php(79): CodeIgniter\CodeIgniter->run()
 8 SYSTEMPATH\Commands\Server\rewrite.php(47): require_once('C:\\laragon\\www\\Products\\public\\index.php')
CRITICAL - 2023-09-21 12:51:51 --> Invalid file: "product.php"
in SYSTEMPATH\Exceptions\FrameworkException.php on line 39.
 1 SYSTEMPATH\View\View.php(214): CodeIgniter\Exceptions\FrameworkException::forInvalidFile('product.php')
 2 SYSTEMPATH\Common.php(1188): CodeIgniter\View\View->render('product', [], true)
 3 APPPATH\Controllers\ProductsController.php(21): view('product')
 4 SYSTEMPATH\CodeIgniter.php(919): App\Controllers\ProductsController->Bacay()
 5 SYSTEMPATH\CodeIgniter.php(494): CodeIgniter\CodeIgniter->runController(Object(App\Controllers\ProductsController))
 6 SYSTEMPATH\CodeIgniter.php(353): CodeIgniter\CodeIgniter->handleRequest(null, Object(Config\Cache), false)
 7 FCPATH\index.php(79): CodeIgniter\CodeIgniter->run()
 8 SYSTEMPATH\Commands\Server\rewrite.php(47): require_once('C:\\laragon\\www\\Products\\public\\index.php')
CRITICAL - 2023-09-21 12:52:21 --> Undefined variable $product
in APPPATH\Views\products.php on line 74.
 1 APPPATH\Views\products.php(74): CodeIgniter\Debug\Exceptions->errorHandler(2, 'Undefined variable $product', 'C:\\laragon\\www\\Products\\app\\Views\\products.php', 74)
 2 SYSTEMPATH\View\View.php(226): include('C:\\laragon\\www\\Products\\app\\Views\\products.php')
 3 SYSTEMPATH\View\View.php(229): CodeIgniter\View\View->CodeIgniter\View\{closure}()
 4 SYSTEMPATH\Common.php(1188): CodeIgniter\View\View->render('products', [], true)
 5 APPPATH\Controllers\ProductsController.php(21): view('products')
 6 SYSTEMPATH\CodeIgniter.php(919): App\Controllers\ProductsController->Bacay()
 7 SYSTEMPATH\CodeIgniter.php(494): CodeIgniter\CodeIgniter->runController(Object(App\Controllers\ProductsController))
 8 SYSTEMPATH\CodeIgniter.php(353): CodeIgniter\CodeIgniter->handleRequest(null, Object(Config\Cache), false)
 9 FCPATH\index.php(79): CodeIgniter\CodeIgniter->run()
10 SYSTEMPATH\Commands\Server\rewrite.php(47): require_once('C:\\laragon\\www\\Products\\public\\index.php')
CRITICAL - 2023-09-21 12:53:09 --> Undefined variable $product
in APPPATH\Views\products.php on line 74.
 1 APPPATH\Views\products.php(74): CodeIgniter\Debug\Exceptions->errorHandler(2, 'Undefined variable $product', 'C:\\laragon\\www\\Products\\app\\Views\\products.php', 74)
 2 SYSTEMPATH\View\View.php(226): include('C:\\laragon\\www\\Products\\app\\Views\\products.php')
 3 SYSTEMPATH\View\View.php(229): CodeIgniter\View\View->CodeIgniter\View\{closure}()
 4 SYSTEMPATH\Common.php(1188): CodeIgniter\View\View->render('products', [], true)
 5 APPPATH\Controllers\ProductsController.php(21): view('products')
 6 SYSTEMPATH\CodeIgniter.php(919): App\Controllers\ProductsController->Bacay()
 7 SYSTEMPATH\CodeIgniter.php(494): CodeIgniter\CodeIgniter->runController(Object(App\Controllers\ProductsController))
 8 SYSTEMPATH\CodeIgniter.php(353): CodeIgniter\CodeIgniter->handleRequest(null, Object(Config\Cache), false)
 9 FCPATH\index.php(79): CodeIgniter\CodeIgniter->run()
10 SYSTEMPATH\Commands\Server\rewrite.php(47): require_once('C:\\laragon\\www\\Products\\public\\index.php')
CRITICAL - 2023-09-21 12:53:10 --> Undefined variable $product
in APPPATH\Views\products.php on line 74.
 1 APPPATH\Views\products.php(74): CodeIgniter\Debug\Exceptions->errorHandler(2, 'Undefined variable $product', 'C:\\laragon\\www\\Products\\app\\Views\\products.php', 74)
 2 SYSTEMPATH\View\View.php(226): include('C:\\laragon\\www\\Products\\app\\Views\\products.php')
 3 SYSTEMPATH\View\View.php(229): CodeIgniter\View\View->CodeIgniter\View\{closure}()
 4 SYSTEMPATH\Common.php(1188): CodeIgniter\View\View->render('products', [], true)
 5 APPPATH\Controllers\ProductsController.php(21): view('products')
 6 SYSTEMPATH\CodeIgniter.php(919): App\Controllers\ProductsController->Bacay()
 7 SYSTEMPATH\CodeIgniter.php(494): CodeIgniter\CodeIgniter->runController(Object(App\Controllers\ProductsController))
 8 SYSTEMPATH\CodeIgniter.php(353): CodeIgniter\CodeIgniter->handleRequest(null, Object(Config\Cache), false)
 9 FCPATH\index.php(79): CodeIgniter\CodeIgniter->run()
10 SYSTEMPATH\Commands\Server\rewrite.php(47): require_once('C:\\laragon\\www\\Products\\public\\index.php')
CRITICAL - 2023-09-21 12:53:11 --> Undefined variable $product
in APPPATH\Views\products.php on line 74.
 1 APPPATH\Views\products.php(74): CodeIgniter\Debug\Exceptions->errorHandler(2, 'Undefined variable $product', 'C:\\laragon\\www\\Products\\app\\Views\\products.php', 74)
 2 SYSTEMPATH\View\View.php(226): include('C:\\laragon\\www\\Products\\app\\Views\\products.php')
 3 SYSTEMPATH\View\View.php(229): CodeIgniter\View\View->CodeIgniter\View\{closure}()
 4 SYSTEMPATH\Common.php(1188): CodeIgniter\View\View->render('products', [], true)
 5 APPPATH\Controllers\ProductsController.php(21): view('products')
 6 SYSTEMPATH\CodeIgniter.php(919): App\Controllers\ProductsController->Bacay()
 7 SYSTEMPATH\CodeIgniter.php(494): CodeIgniter\CodeIgniter->runController(Object(App\Controllers\ProductsController))
 8 SYSTEMPATH\CodeIgniter.php(353): CodeIgniter\CodeIgniter->handleRequest(null, Object(Config\Cache), false)
 9 FCPATH\index.php(79): CodeIgniter\CodeIgniter->run()
10 SYSTEMPATH\Commands\Server\rewrite.php(47): require_once('C:\\laragon\\www\\Products\\public\\index.php')
CRITICAL - 2023-09-21 12:53:11 --> Undefined variable $product
in APPPATH\Views\products.php on line 74.
 1 APPPATH\Views\products.php(74): CodeIgniter\Debug\Exceptions->errorHandler(2, 'Undefined variable $product', 'C:\\laragon\\www\\Products\\app\\Views\\products.php', 74)
 2 SYSTEMPATH\View\View.php(226): include('C:\\laragon\\www\\Products\\app\\Views\\products.php')
 3 SYSTEMPATH\View\View.php(229): CodeIgniter\View\View->CodeIgniter\View\{closure}()
 4 SYSTEMPATH\Common.php(1188): CodeIgniter\View\View->render('products', [], true)
 5 APPPATH\Controllers\ProductsController.php(21): view('products')
 6 SYSTEMPATH\CodeIgniter.php(919): App\Controllers\ProductsController->Bacay()
 7 SYSTEMPATH\CodeIgniter.php(494): CodeIgniter\CodeIgniter->runController(Object(App\Controllers\ProductsController))
 8 SYSTEMPATH\CodeIgniter.php(353): CodeIgniter\CodeIgniter->handleRequest(null, Object(Config\Cache), false)
 9 FCPATH\index.php(79): CodeIgniter\CodeIgniter->run()
10 SYSTEMPATH\Commands\Server\rewrite.php(47): require_once('C:\\laragon\\www\\Products\\public\\index.php')
CRITICAL - 2023-09-21 12:54:22 --> Undefined variable $products
in APPPATH\Views\products.php on line 74.
 1 APPPATH\Views\products.php(74): CodeIgniter\Debug\Exceptions->errorHandler(2, 'Undefined variable $products', 'C:\\laragon\\www\\Products\\app\\Views\\products.php', 74)
 2 SYSTEMPATH\View\View.php(226): include('C:\\laragon\\www\\Products\\app\\Views\\products.php')
 3 SYSTEMPATH\View\View.php(229): CodeIgniter\View\View->CodeIgniter\View\{closure}()
 4 SYSTEMPATH\Common.php(1188): CodeIgniter\View\View->render('products', [], true)
 5 APPPATH\Controllers\ProductsController.php(21): view('products')
 6 SYSTEMPATH\CodeIgniter.php(919): App\Controllers\ProductsController->Bacay()
 7 SYSTEMPATH\CodeIgniter.php(494): CodeIgniter\CodeIgniter->runController(Object(App\Controllers\ProductsController))
 8 SYSTEMPATH\CodeIgniter.php(353): CodeIgniter\CodeIgniter->handleRequest(null, Object(Config\Cache), false)
 9 FCPATH\index.php(79): CodeIgniter\CodeIgniter->run()
10 SYSTEMPATH\Commands\Server\rewrite.php(47): require_once('C:\\laragon\\www\\Products\\public\\index.php')
CRITICAL - 2023-09-21 12:54:24 --> Undefined variable $products
in APPPATH\Views\products.php on line 74.
 1 APPPATH\Views\products.php(74): CodeIgniter\Debug\Exceptions->errorHandler(2, 'Undefined variable $products', 'C:\\laragon\\www\\Products\\app\\Views\\products.php', 74)
 2 SYSTEMPATH\View\View.php(226): include('C:\\laragon\\www\\Products\\app\\Views\\products.php')
 3 SYSTEMPATH\View\View.php(229): CodeIgniter\View\View->CodeIgniter\View\{closure}()
 4 SYSTEMPATH\Common.php(1188): CodeIgniter\View\View->render('products', [], true)
 5 APPPATH\Controllers\ProductsController.php(21): view('products')
 6 SYSTEMPATH\CodeIgniter.php(919): App\Controllers\ProductsController->Bacay()
 7 SYSTEMPATH\CodeIgniter.php(494): CodeIgniter\CodeIgniter->runController(Object(App\Controllers\ProductsController))
 8 SYSTEMPATH\CodeIgniter.php(353): CodeIgniter\CodeIgniter->handleRequest(null, Object(Config\Cache), false)
 9 FCPATH\index.php(79): CodeIgniter\CodeIgniter->run()
10 SYSTEMPATH\Commands\Server\rewrite.php(47): require_once('C:\\laragon\\www\\Products\\public\\index.php')
CRITICAL - 2023-09-21 12:54:25 --> Undefined variable $products
in APPPATH\Views\products.php on line 74.
 1 APPPATH\Views\products.php(74): CodeIgniter\Debug\Exceptions->errorHandler(2, 'Undefined variable $products', 'C:\\laragon\\www\\Products\\app\\Views\\products.php', 74)
 2 SYSTEMPATH\View\View.php(226): include('C:\\laragon\\www\\Products\\app\\Views\\products.php')
 3 SYSTEMPATH\View\View.php(229): CodeIgniter\View\View->CodeIgniter\View\{closure}()
 4 SYSTEMPATH\Common.php(1188): CodeIgniter\View\View->render('products', [], true)
 5 APPPATH\Controllers\ProductsController.php(21): view('products')
 6 SYSTEMPATH\CodeIgniter.php(919): App\Controllers\ProductsController->Bacay()
 7 SYSTEMPATH\CodeIgniter.php(494): CodeIgniter\CodeIgniter->runController(Object(App\Controllers\ProductsController))
 8 SYSTEMPATH\CodeIgniter.php(353): CodeIgniter\CodeIgniter->handleRequest(null, Object(Config\Cache), false)
 9 FCPATH\index.php(79): CodeIgniter\CodeIgniter->run()
10 SYSTEMPATH\Commands\Server\rewrite.php(47): require_once('C:\\laragon\\www\\Products\\public\\index.php')
CRITICAL - 2023-09-21 12:54:25 --> Undefined variable $products
in APPPATH\Views\products.php on line 74.
 1 APPPATH\Views\products.php(74): CodeIgniter\Debug\Exceptions->errorHandler(2, 'Undefined variable $products', 'C:\\laragon\\www\\Products\\app\\Views\\products.php', 74)
 2 SYSTEMPATH\View\View.php(226): include('C:\\laragon\\www\\Products\\app\\Views\\products.php')
 3 SYSTEMPATH\View\View.php(229): CodeIgniter\View\View->CodeIgniter\View\{closure}()
 4 SYSTEMPATH\Common.php(1188): CodeIgniter\View\View->render('products', [], true)
 5 APPPATH\Controllers\ProductsController.php(21): view('products')
 6 SYSTEMPATH\CodeIgniter.php(919): App\Controllers\ProductsController->Bacay()
 7 SYSTEMPATH\CodeIgniter.php(494): CodeIgniter\CodeIgniter->runController(Object(App\Controllers\ProductsController))
 8 SYSTEMPATH\CodeIgniter.php(353): CodeIgniter\CodeIgniter->handleRequest(null, Object(Config\Cache), false)
 9 FCPATH\index.php(79): CodeIgniter\CodeIgniter->run()
10 SYSTEMPATH\Commands\Server\rewrite.php(47): require_once('C:\\laragon\\www\\Products\\public\\index.php')
CRITICAL - 2023-09-21 12:54:25 --> Undefined variable $products
in APPPATH\Views\products.php on line 74.
 1 APPPATH\Views\products.php(74): CodeIgniter\Debug\Exceptions->errorHandler(2, 'Undefined variable $products', 'C:\\laragon\\www\\Products\\app\\Views\\products.php', 74)
 2 SYSTEMPATH\View\View.php(226): include('C:\\laragon\\www\\Products\\app\\Views\\products.php')
 3 SYSTEMPATH\View\View.php(229): CodeIgniter\View\View->CodeIgniter\View\{closure}()
 4 SYSTEMPATH\Common.php(1188): CodeIgniter\View\View->render('products', [], true)
 5 APPPATH\Controllers\ProductsController.php(21): view('products')
 6 SYSTEMPATH\CodeIgniter.php(919): App\Controllers\ProductsController->Bacay()
 7 SYSTEMPATH\CodeIgniter.php(494): CodeIgniter\CodeIgniter->runController(Object(App\Controllers\ProductsController))
 8 SYSTEMPATH\CodeIgniter.php(353): CodeIgniter\CodeIgniter->handleRequest(null, Object(Config\Cache), false)
 9 FCPATH\index.php(79): CodeIgniter\CodeIgniter->run()
10 SYSTEMPATH\Commands\Server\rewrite.php(47): require_once('C:\\laragon\\www\\Products\\public\\index.php')
CRITICAL - 2023-09-21 12:55:17 --> Undefined variable $products
in APPPATH\Views\products.php on line 74.
 1 APPPATH\Views\products.php(74): CodeIgniter\Debug\Exceptions->errorHandler(2, 'Undefined variable $products', 'C:\\laragon\\www\\Products\\app\\Views\\products.php', 74)
 2 SYSTEMPATH\View\View.php(226): include('C:\\laragon\\www\\Products\\app\\Views\\products.php')
 3 SYSTEMPATH\View\View.php(229): CodeIgniter\View\View->CodeIgniter\View\{closure}()
 4 SYSTEMPATH\Common.php(1188): CodeIgniter\View\View->render('products', [], true)
 5 APPPATH\Controllers\ProductsController.php(21): view('products')
 6 SYSTEMPATH\CodeIgniter.php(919): App\Controllers\ProductsController->Bacay()
 7 SYSTEMPATH\CodeIgniter.php(494): CodeIgniter\CodeIgniter->runController(Object(App\Controllers\ProductsController))
 8 SYSTEMPATH\CodeIgniter.php(353): CodeIgniter\CodeIgniter->handleRequest(null, Object(Config\Cache), false)
 9 FCPATH\index.php(79): CodeIgniter\CodeIgniter->run()
10 SYSTEMPATH\Commands\Server\rewrite.php(47): require_once('C:\\laragon\\www\\Products\\public\\index.php')
CRITICAL - 2023-09-21 12:55:18 --> Undefined variable $products
in APPPATH\Views\products.php on line 74.
 1 APPPATH\Views\products.php(74): CodeIgniter\Debug\Exceptions->errorHandler(2, 'Undefined variable $products', 'C:\\laragon\\www\\Products\\app\\Views\\products.php', 74)
 2 SYSTEMPATH\View\View.php(226): include('C:\\laragon\\www\\Products\\app\\Views\\products.php')
 3 SYSTEMPATH\View\View.php(229): CodeIgniter\View\View->CodeIgniter\View\{closure}()
 4 SYSTEMPATH\Common.php(1188): CodeIgniter\View\View->render('products', [], true)
 5 APPPATH\Controllers\ProductsController.php(21): view('products')
 6 SYSTEMPATH\CodeIgniter.php(919): App\Controllers\ProductsController->Bacay()
 7 SYSTEMPATH\CodeIgniter.php(494): CodeIgniter\CodeIgniter->runController(Object(App\Controllers\ProductsController))
 8 SYSTEMPATH\CodeIgniter.php(353): CodeIgniter\CodeIgniter->handleRequest(null, Object(Config\Cache), false)
 9 FCPATH\index.php(79): CodeIgniter\CodeIgniter->run()
10 SYSTEMPATH\Commands\Server\rewrite.php(47): require_once('C:\\laragon\\www\\Products\\public\\index.php')
CRITICAL - 2023-09-21 12:55:19 --> Undefined variable $products
in APPPATH\Views\products.php on line 74.
 1 APPPATH\Views\products.php(74): CodeIgniter\Debug\Exceptions->errorHandler(2, 'Undefined variable $products', 'C:\\laragon\\www\\Products\\app\\Views\\products.php', 74)
 2 SYSTEMPATH\View\View.php(226): include('C:\\laragon\\www\\Products\\app\\Views\\products.php')
 3 SYSTEMPATH\View\View.php(229): CodeIgniter\View\View->CodeIgniter\View\{closure}()
 4 SYSTEMPATH\Common.php(1188): CodeIgniter\View\View->render('products', [], true)
 5 APPPATH\Controllers\ProductsController.php(21): view('products')
 6 SYSTEMPATH\CodeIgniter.php(919): App\Controllers\ProductsController->Bacay()
 7 SYSTEMPATH\CodeIgniter.php(494): CodeIgniter\CodeIgniter->runController(Object(App\Controllers\ProductsController))
 8 SYSTEMPATH\CodeIgniter.php(353): CodeIgniter\CodeIgniter->handleRequest(null, Object(Config\Cache), false)
 9 FCPATH\index.php(79): CodeIgniter\CodeIgniter->run()
10 SYSTEMPATH\Commands\Server\rewrite.php(47): require_once('C:\\laragon\\www\\Products\\public\\index.php')
CRITICAL - 2023-09-21 12:55:19 --> Undefined variable $products
in APPPATH\Views\products.php on line 74.
 1 APPPATH\Views\products.php(74): CodeIgniter\Debug\Exceptions->errorHandler(2, 'Undefined variable $products', 'C:\\laragon\\www\\Products\\app\\Views\\products.php', 74)
 2 SYSTEMPATH\View\View.php(226): include('C:\\laragon\\www\\Products\\app\\Views\\products.php')
 3 SYSTEMPATH\View\View.php(229): CodeIgniter\View\View->CodeIgniter\View\{closure}()
 4 SYSTEMPATH\Common.php(1188): CodeIgniter\View\View->render('products', [], true)
 5 APPPATH\Controllers\ProductsController.php(21): view('products')
 6 SYSTEMPATH\CodeIgniter.php(919): App\Controllers\ProductsController->Bacay()
 7 SYSTEMPATH\CodeIgniter.php(494): CodeIgniter\CodeIgniter->runController(Object(App\Controllers\ProductsController))
 8 SYSTEMPATH\CodeIgniter.php(353): CodeIgniter\CodeIgniter->handleRequest(null, Object(Config\Cache), false)
 9 FCPATH\index.php(79): CodeIgniter\CodeIgniter->run()
10 SYSTEMPATH\Commands\Server\rewrite.php(47): require_once('C:\\laragon\\www\\Products\\public\\index.php')
CRITICAL - 2023-09-21 12:56:31 --> Undefined variable $products
in APPPATH\Views\products.php on line 74.
 1 APPPATH\Views\products.php(74): CodeIgniter\Debug\Exceptions->errorHandler(2, 'Undefined variable $products', 'C:\\laragon\\www\\Products\\app\\Views\\products.php', 74)
 2 SYSTEMPATH\View\View.php(226): include('C:\\laragon\\www\\Products\\app\\Views\\products.php')
 3 SYSTEMPATH\View\View.php(229): CodeIgniter\View\View->CodeIgniter\View\{closure}()
 4 SYSTEMPATH\Common.php(1188): CodeIgniter\View\View->render('products', [], true)
 5 APPPATH\Controllers\ProductsController.php(21): view('products')
 6 SYSTEMPATH\CodeIgniter.php(919): App\Controllers\ProductsController->Bacay()
 7 SYSTEMPATH\CodeIgniter.php(494): CodeIgniter\CodeIgniter->runController(Object(App\Controllers\ProductsController))
 8 SYSTEMPATH\CodeIgniter.php(353): CodeIgniter\CodeIgniter->handleRequest(null, Object(Config\Cache), false)
 9 FCPATH\index.php(79): CodeIgniter\CodeIgniter->run()
10 SYSTEMPATH\Commands\Server\rewrite.php(47): require_once('C:\\laragon\\www\\Products\\public\\index.php')
CRITICAL - 2023-09-21 12:59:16 --> Undefined variable $products
in APPPATH\Views\products.php on line 74.
 1 APPPATH\Views\products.php(74): CodeIgniter\Debug\Exceptions->errorHandler(2, 'Undefined variable $products', 'C:\\laragon\\www\\Products\\app\\Views\\products.php', 74)
 2 SYSTEMPATH\View\View.php(226): include('C:\\laragon\\www\\Products\\app\\Views\\products.php')
 3 SYSTEMPATH\View\View.php(229): CodeIgniter\View\View->CodeIgniter\View\{closure}()
 4 SYSTEMPATH\Common.php(1188): CodeIgniter\View\View->render('products', [], true)
 5 APPPATH\Controllers\ProductsController.php(21): view('products', [...])
 6 SYSTEMPATH\CodeIgniter.php(919): App\Controllers\ProductsController->Bacay()
 7 SYSTEMPATH\CodeIgniter.php(494): CodeIgniter\CodeIgniter->runController(Object(App\Controllers\ProductsController))
 8 SYSTEMPATH\CodeIgniter.php(353): CodeIgniter\CodeIgniter->handleRequest(null, Object(Config\Cache), false)
 9 FCPATH\index.php(79): CodeIgniter\CodeIgniter->run()
10 SYSTEMPATH\Commands\Server\rewrite.php(47): require_once('C:\\laragon\\www\\Products\\public\\index.php')
CRITICAL - 2023-09-21 12:59:18 --> Undefined variable $products
in APPPATH\Views\products.php on line 74.
 1 APPPATH\Views\products.php(74): CodeIgniter\Debug\Exceptions->errorHandler(2, 'Undefined variable $products', 'C:\\laragon\\www\\Products\\app\\Views\\products.php', 74)
 2 SYSTEMPATH\View\View.php(226): include('C:\\laragon\\www\\Products\\app\\Views\\products.php')
 3 SYSTEMPATH\View\View.php(229): CodeIgniter\View\View->CodeIgniter\View\{closure}()
 4 SYSTEMPATH\Common.php(1188): CodeIgniter\View\View->render('products', [], true)
 5 APPPATH\Controllers\ProductsController.php(21): view('products', [...])
 6 SYSTEMPATH\CodeIgniter.php(919): App\Controllers\ProductsController->Bacay()
 7 SYSTEMPATH\CodeIgniter.php(494): CodeIgniter\CodeIgniter->runController(Object(App\Controllers\ProductsController))
 8 SYSTEMPATH\CodeIgniter.php(353): CodeIgniter\CodeIgniter->handleRequest(null, Object(Config\Cache), false)
 9 FCPATH\index.php(79): CodeIgniter\CodeIgniter->run()
10 SYSTEMPATH\Commands\Server\rewrite.php(47): require_once('C:\\laragon\\www\\Products\\public\\index.php')
CRITICAL - 2023-09-21 12:59:18 --> Undefined variable $products
in APPPATH\Views\products.php on line 74.
 1 APPPATH\Views\products.php(74): CodeIgniter\Debug\Exceptions->errorHandler(2, 'Undefined variable $products', 'C:\\laragon\\www\\Products\\app\\Views\\products.php', 74)
 2 SYSTEMPATH\View\View.php(226): include('C:\\laragon\\www\\Products\\app\\Views\\products.php')
 3 SYSTEMPATH\View\View.php(229): CodeIgniter\View\View->CodeIgniter\View\{closure}()
 4 SYSTEMPATH\Common.php(1188): CodeIgniter\View\View->render('products', [], true)
 5 APPPATH\Controllers\ProductsController.php(21): view('products', [...])
 6 SYSTEMPATH\CodeIgniter.php(919): App\Controllers\ProductsController->Bacay()
 7 SYSTEMPATH\CodeIgniter.php(494): CodeIgniter\CodeIgniter->runController(Object(App\Controllers\ProductsController))
 8 SYSTEMPATH\CodeIgniter.php(353): CodeIgniter\CodeIgniter->handleRequest(null, Object(Config\Cache), false)
 9 FCPATH\index.php(79): CodeIgniter\CodeIgniter->run()
10 SYSTEMPATH\Commands\Server\rewrite.php(47): require_once('C:\\laragon\\www\\Products\\public\\index.php')
CRITICAL - 2023-09-21 12:59:19 --> Undefined variable $products
in APPPATH\Views\products.php on line 74.
 1 APPPATH\Views\products.php(74): CodeIgniter\Debug\Exceptions->errorHandler(2, 'Undefined variable $products', 'C:\\laragon\\www\\Products\\app\\Views\\products.php', 74)
 2 SYSTEMPATH\View\View.php(226): include('C:\\laragon\\www\\Products\\app\\Views\\products.php')
 3 SYSTEMPATH\View\View.php(229): CodeIgniter\View\View->CodeIgniter\View\{closure}()
 4 SYSTEMPATH\Common.php(1188): CodeIgniter\View\View->render('products', [], true)
 5 APPPATH\Controllers\ProductsController.php(21): view('products', [...])
 6 SYSTEMPATH\CodeIgniter.php(919): App\Controllers\ProductsController->Bacay()
 7 SYSTEMPATH\CodeIgniter.php(494): CodeIgniter\CodeIgniter->runController(Object(App\Controllers\ProductsController))
 8 SYSTEMPATH\CodeIgniter.php(353): CodeIgniter\CodeIgniter->handleRequest(null, Object(Config\Cache), false)
 9 FCPATH\index.php(79): CodeIgniter\CodeIgniter->run()
10 SYSTEMPATH\Commands\Server\rewrite.php(47): require_once('C:\\laragon\\www\\Products\\public\\index.php')
CRITICAL - 2023-09-21 13:02:47 --> Undefined variable $st
in APPPATH\Views\products.php on line 82.
 1 APPPATH\Views\products.php(82): CodeIgniter\Debug\Exceptions->errorHandler(2, 'Undefined variable $st', 'C:\\laragon\\www\\Products\\app\\Views\\products.php', 82)
 2 SYSTEMPATH\View\View.php(226): include('C:\\laragon\\www\\Products\\app\\Views\\products.php')
 3 SYSTEMPATH\View\View.php(229): CodeIgniter\View\View->CodeIgniter\View\{closure}()
 4 SYSTEMPATH\Common.php(1188): CodeIgniter\View\View->render('products', [], true)
 5 APPPATH\Controllers\ProductsController.php(21): view('products', [...])
 6 SYSTEMPATH\CodeIgniter.php(919): App\Controllers\ProductsController->Bacay()
 7 SYSTEMPATH\CodeIgniter.php(494): CodeIgniter\CodeIgniter->runController(Object(App\Controllers\ProductsController))
 8 SYSTEMPATH\CodeIgniter.php(353): CodeIgniter\CodeIgniter->handleRequest(null, Object(Config\Cache), false)
 9 FCPATH\index.php(79): CodeIgniter\CodeIgniter->run()
10 SYSTEMPATH\Commands\Server\rewrite.php(47): require_once('C:\\laragon\\www\\Products\\public\\index.php')
CRITICAL - 2023-09-21 13:03:25 --> Undefined array key "id"
in APPPATH\Views\products.php on line 82.
 1 APPPATH\Views\products.php(82): CodeIgniter\Debug\Exceptions->errorHandler(2, 'Undefined array key "id"', 'C:\\laragon\\www\\Products\\app\\Views\\products.php', 82)
 2 SYSTEMPATH\View\View.php(226): include('C:\\laragon\\www\\Products\\app\\Views\\products.php')
 3 SYSTEMPATH\View\View.php(229): CodeIgniter\View\View->CodeIgniter\View\{closure}()
 4 SYSTEMPATH\Common.php(1188): CodeIgniter\View\View->render('products', [], true)
 5 APPPATH\Controllers\ProductsController.php(21): view('products', [...])
 6 SYSTEMPATH\CodeIgniter.php(919): App\Controllers\ProductsController->Bacay()
 7 SYSTEMPATH\CodeIgniter.php(494): CodeIgniter\CodeIgniter->runController(Object(App\Controllers\ProductsController))
 8 SYSTEMPATH\CodeIgniter.php(353): CodeIgniter\CodeIgniter->handleRequest(null, Object(Config\Cache), false)
 9 FCPATH\index.php(79): CodeIgniter\CodeIgniter->run()
10 SYSTEMPATH\Commands\Server\rewrite.php(47): require_once('C:\\laragon\\www\\Products\\public\\index.php')
CRITICAL - 2023-09-21 13:03:33 --> Undefined array key "id"
in APPPATH\Views\products.php on line 82.
 1 APPPATH\Views\products.php(82): CodeIgniter\Debug\Exceptions->errorHandler(2, 'Undefined array key "id"', 'C:\\laragon\\www\\Products\\app\\Views\\products.php', 82)
 2 SYSTEMPATH\View\View.php(226): include('C:\\laragon\\www\\Products\\app\\Views\\products.php')
 3 SYSTEMPATH\View\View.php(229): CodeIgniter\View\View->CodeIgniter\View\{closure}()
 4 SYSTEMPATH\Common.php(1188): CodeIgniter\View\View->render('products', [], true)
 5 APPPATH\Controllers\ProductsController.php(21): view('products', [...])
 6 SYSTEMPATH\CodeIgniter.php(919): App\Controllers\ProductsController->Bacay()
 7 SYSTEMPATH\CodeIgniter.php(494): CodeIgniter\CodeIgniter->runController(Object(App\Controllers\ProductsController))
 8 SYSTEMPATH\CodeIgniter.php(353): CodeIgniter\CodeIgniter->handleRequest(null, Object(Config\Cache), false)
 9 FCPATH\index.php(79): CodeIgniter\CodeIgniter->run()
10 SYSTEMPATH\Commands\Server\rewrite.php(47): require_once('C:\\laragon\\www\\Products\\public\\index.php')
CRITICAL - 2023-09-21 13:20:50 --> Undefined array key "StudentId"
in APPPATH\Controllers\ProductsController.php on line 16.
 1 APPPATH\Controllers\ProductsController.php(16): CodeIgniter\Debug\Exceptions->errorHandler(2, 'Undefined array key "StudentId"', 'C:\\laragon\\www\\Products\\app\\Controllers\\ProductsController.php', 16)
 2 SYSTEMPATH\CodeIgniter.php(919): App\Controllers\ProductsController->save()
 3 SYSTEMPATH\CodeIgniter.php(494): CodeIgniter\CodeIgniter->runController(Object(App\Controllers\ProductsController))
 4 SYSTEMPATH\CodeIgniter.php(353): CodeIgniter\CodeIgniter->handleRequest(null, Object(Config\Cache), false)
 5 FCPATH\index.php(79): CodeIgniter\CodeIgniter->run()
 6 SYSTEMPATH\Commands\Server\rewrite.php(47): require_once('C:\\laragon\\www\\Products\\public\\index.php')
CRITICAL - 2023-09-21 13:22:09 --> Undefined array key "ProductId"
in APPPATH\Controllers\ProductsController.php on line 16.
 1 APPPATH\Controllers\ProductsController.php(16): CodeIgniter\Debug\Exceptions->errorHandler(2, 'Undefined array key "ProductId"', 'C:\\laragon\\www\\Products\\app\\Controllers\\ProductsController.php', 16)
 2 SYSTEMPATH\CodeIgniter.php(919): App\Controllers\ProductsController->save()
 3 SYSTEMPATH\CodeIgniter.php(494): CodeIgniter\CodeIgniter->runController(Object(App\Controllers\ProductsController))
 4 SYSTEMPATH\CodeIgniter.php(353): CodeIgniter\CodeIgniter->handleRequest(null, Object(Config\Cache), false)
 5 FCPATH\index.php(79): CodeIgniter\CodeIgniter->run()
 6 SYSTEMPATH\Commands\Server\rewrite.php(47): require_once('C:\\laragon\\www\\Products\\public\\index.php')
CRITICAL - 2023-09-21 14:01:07 --> Undefined variable $st
in APPPATH\Views\products.php on line 82.
 1 APPPATH\Views\products.php(82): CodeIgniter\Debug\Exceptions->errorHandler(2, 'Undefined variable $st', 'C:\\laragon\\www\\Products\\app\\Views\\products.php', 82)
 2 SYSTEMPATH\View\View.php(226): include('C:\\laragon\\www\\Products\\app\\Views\\products.php')
 3 SYSTEMPATH\View\View.php(229): CodeIgniter\View\View->CodeIgniter\View\{closure}()
 4 SYSTEMPATH\Common.php(1188): CodeIgniter\View\View->render('products', [], true)
 5 APPPATH\Controllers\ProductsController.php(43): view('products', [...])
 6 SYSTEMPATH\CodeIgniter.php(919): App\Controllers\ProductsController->Bacay()
 7 SYSTEMPATH\CodeIgniter.php(494): CodeIgniter\CodeIgniter->runController(Object(App\Controllers\ProductsController))
 8 SYSTEMPATH\CodeIgniter.php(353): CodeIgniter\CodeIgniter->handleRequest(null, Object(Config\Cache), false)
 9 FCPATH\index.php(79): CodeIgniter\CodeIgniter->run()
10 SYSTEMPATH\Commands\Server\rewrite.php(47): require_once('C:\\laragon\\www\\Products\\public\\index.php')
CRITICAL - 2023-09-21 14:18:33 --> Invalid file: "product.php"
in SYSTEMPATH\Exceptions\FrameworkException.php on line 39.
 1 SYSTEMPATH\View\View.php(214): CodeIgniter\Exceptions\FrameworkException::forInvalidFile('product.php')
 2 SYSTEMPATH\Common.php(1188): CodeIgniter\View\View->render('product', [], true)
 3 APPPATH\Controllers\ProductsController.php(20): view('product', [...])
 4 SYSTEMPATH\CodeIgniter.php(919): App\Controllers\ProductsController->edit('3')
 5 SYSTEMPATH\CodeIgniter.php(494): CodeIgniter\CodeIgniter->runController(Object(App\Controllers\ProductsController))
 6 SYSTEMPATH\CodeIgniter.php(353): CodeIgniter\CodeIgniter->handleRequest(null, Object(Config\Cache), false)
 7 FCPATH\index.php(79): CodeIgniter\CodeIgniter->run()
 8 SYSTEMPATH\Commands\Server\rewrite.php(47): require_once('C:\\laragon\\www\\Products\\public\\index.php')
