CRITICAL - 2023-09-23 00:14:22 --> Undefined variable $category
in APPPATH\Views\products.php on line 106.
 1 APPPATH\Views\products.php(106): CodeIgniter\Debug\Exceptions->errorHandler(2, 'Undefined variable $category', 'C:\\laragon\\www\\Products\\app\\Views\\products.php', 106)
 2 SYSTEMPATH\View\View.php(226): include('C:\\laragon\\www\\Products\\app\\Views\\products.php')
 3 SYSTEMPATH\View\View.php(229): CodeIgniter\View\View->CodeIgniter\View\{closure}()
 4 SYSTEMPATH\Common.php(1188): CodeIgniter\View\View->render('products', [], true)
 5 APPPATH\Controllers\ProductsController.php(55): view('products', [...])
 6 SYSTEMPATH\CodeIgniter.php(919): App\Controllers\ProductsController->Bacay()
 7 SYSTEMPATH\CodeIgniter.php(494): CodeIgniter\CodeIgniter->runController(Object(App\Controllers\ProductsController))
 8 SYSTEMPATH\CodeIgniter.php(353): CodeIgniter\CodeIgniter->handleRequest(null, Object(Config\Cache), false)
 9 FCPATH\index.php(79): CodeIgniter\CodeIgniter->run()
10 SYSTEMPATH\Commands\Server\rewrite.php(47): require_once('C:\\laragon\\www\\Products\\public\\index.php')
CRITICAL - 2023-09-23 00:33:48 --> Undefined array key "Category_id"
in APPPATH\Views\products.php on line 135.
 1 APPPATH\Views\products.php(135): CodeIgniter\Debug\Exceptions->errorHandler(2, 'Undefined array key "Category_id"', 'C:\\laragon\\www\\Products\\app\\Views\\products.php', 135)
 2 SYSTEMPATH\View\View.php(226): include('C:\\laragon\\www\\Products\\app\\Views\\products.php')
 3 SYSTEMPATH\View\View.php(229): CodeIgniter\View\View->CodeIgniter\View\{closure}()
 4 SYSTEMPATH\Common.php(1188): CodeIgniter\View\View->render('products', [], true)
 5 APPPATH\Controllers\ProductsController.php(57): view('products', [...])
 6 SYSTEMPATH\CodeIgniter.php(919): App\Controllers\ProductsController->Bacay()
 7 SYSTEMPATH\CodeIgniter.php(494): CodeIgniter\CodeIgniter->runController(Object(App\Controllers\ProductsController))
 8 SYSTEMPATH\CodeIgniter.php(353): CodeIgniter\CodeIgniter->handleRequest(null, Object(Config\Cache), false)
 9 FCPATH\index.php(79): CodeIgniter\CodeIgniter->run()
10 SYSTEMPATH\Commands\Server\rewrite.php(47): require_once('C:\\laragon\\www\\Products\\public\\index.php')
CRITICAL - 2023-09-23 00:33:53 --> Undefined array key "Category_id"
in APPPATH\Views\products.php on line 135.
 1 APPPATH\Views\products.php(135): CodeIgniter\Debug\Exceptions->errorHandler(2, 'Undefined array key "Category_id"', 'C:\\laragon\\www\\Products\\app\\Views\\products.php', 135)
 2 SYSTEMPATH\View\View.php(226): include('C:\\laragon\\www\\Products\\app\\Views\\products.php')
 3 SYSTEMPATH\View\View.php(229): CodeIgniter\View\View->CodeIgniter\View\{closure}()
 4 SYSTEMPATH\Common.php(1188): CodeIgniter\View\View->render('products', [], true)
 5 APPPATH\Controllers\ProductsController.php(57): view('products', [...])
 6 SYSTEMPATH\CodeIgniter.php(919): App\Controllers\ProductsController->Bacay()
 7 SYSTEMPATH\CodeIgniter.php(494): CodeIgniter\CodeIgniter->runController(Object(App\Controllers\ProductsController))
 8 SYSTEMPATH\CodeIgniter.php(353): CodeIgniter\CodeIgniter->handleRequest(null, Object(Config\Cache), false)
 9 FCPATH\index.php(79): CodeIgniter\CodeIgniter->run()
10 SYSTEMPATH\Commands\Server\rewrite.php(47): require_once('C:\\laragon\\www\\Products\\public\\index.php')
CRITICAL - 2023-09-23 00:37:00 --> Undefined array key "Category_id"
in APPPATH\Views\products.php on line 135.
 1 APPPATH\Views\products.php(135): CodeIgniter\Debug\Exceptions->errorHandler(2, 'Undefined array key "Category_id"', 'C:\\laragon\\www\\Products\\app\\Views\\products.php', 135)
 2 SYSTEMPATH\View\View.php(226): include('C:\\laragon\\www\\Products\\app\\Views\\products.php')
 3 SYSTEMPATH\View\View.php(229): CodeIgniter\View\View->CodeIgniter\View\{closure}()
 4 SYSTEMPATH\Common.php(1188): CodeIgniter\View\View->render('products', [], true)
 5 APPPATH\Controllers\ProductsController.php(57): view('products', [...])
 6 SYSTEMPATH\CodeIgniter.php(919): App\Controllers\ProductsController->Bacay()
 7 SYSTEMPATH\CodeIgniter.php(494): CodeIgniter\CodeIgniter->runController(Object(App\Controllers\ProductsController))
 8 SYSTEMPATH\CodeIgniter.php(353): CodeIgniter\CodeIgniter->handleRequest(null, Object(Config\Cache), false)
 9 FCPATH\index.php(79): CodeIgniter\CodeIgniter->run()
10 SYSTEMPATH\Commands\Server\rewrite.php(47): require_once('C:\\laragon\\www\\Products\\public\\index.php')
ERROR - 2023-09-23 00:54:23 --> mysqli_sql_exception: Cannot add or update a child row: a foreign key constraint fails (`productsdb`.`table_products`, CONSTRAINT `FK_ProductCategory` FOREIGN KEY (`ProductCategory`) REFERENCES `table_category` (`ProductCategory`)) in C:\laragon\www\Products\system\Database\MySQLi\Connection.php:306
Stack trace:
#0 C:\laragon\www\Products\system\Database\MySQLi\Connection.php(306): mysqli->query('UPDATE `table_p...', 0)
#1 C:\laragon\www\Products\system\Database\BaseConnection.php(692): CodeIgniter\Database\MySQLi\Connection->execute('UPDATE `table_p...')
#2 C:\laragon\www\Products\system\Database\BaseConnection.php(606): CodeIgniter\Database\BaseConnection->simpleQuery('UPDATE `table_p...')
#3 C:\laragon\www\Products\system\Database\BaseBuilder.php(2475): CodeIgniter\Database\BaseConnection->query('UPDATE `table_p...', Array, false)
#4 C:\laragon\www\Products\system\Model.php(385): CodeIgniter\Database\BaseBuilder->update()
#5 C:\laragon\www\Products\system\BaseModel.php(949): CodeIgniter\Model->doUpdate(NULL, Array)
#6 C:\laragon\www\Products\system\Model.php(776): CodeIgniter\BaseModel->update(NULL, Array)
#7 C:\laragon\www\Products\app\Controllers\ProductsController.php(36): CodeIgniter\Model->update()
#8 C:\laragon\www\Products\system\CodeIgniter.php(919): App\Controllers\ProductsController->save()
#9 C:\laragon\www\Products\system\CodeIgniter.php(494): CodeIgniter\CodeIgniter->runController(Object(App\Controllers\ProductsController))
#10 C:\laragon\www\Products\system\CodeIgniter.php(353): CodeIgniter\CodeIgniter->handleRequest(NULL, Object(Config\Cache), false)
#11 C:\laragon\www\Products\public\index.php(79): CodeIgniter\CodeIgniter->run()
#12 C:\laragon\www\Products\system\Commands\Server\rewrite.php(47): require_once('C:\\laragon\\www\\...')
#13 {main}
CRITICAL - 2023-09-23 00:54:24 --> Cannot add or update a child row: a foreign key constraint fails (`productsdb`.`table_products`, CONSTRAINT `FK_ProductCategory` FOREIGN KEY (`ProductCategory`) REFERENCES `table_category` (`ProductCategory`))
in SYSTEMPATH\Database\BaseConnection.php on line 646.
 1 SYSTEMPATH\Database\BaseBuilder.php(2475): CodeIgniter\Database\BaseConnection->query('UPDATE `table_products` SET `ProductName` = :ProductName:, `ProductDescription` = :ProductDescription:, `ProductCategory` = :ProductCategory:, `ProductQuantity` = :ProductQuantity:, `ProductPrice` = :ProductPrice:
WHERE `ProdId` = :ProdId:', [...], false)
 2 SYSTEMPATH\Model.php(385): CodeIgniter\Database\BaseBuilder->update()
 3 SYSTEMPATH\BaseModel.php(949): CodeIgniter\Model->doUpdate(null, [...])
 4 SYSTEMPATH\Model.php(776): CodeIgniter\BaseModel->update(null, [...])
 5 APPPATH\Controllers\ProductsController.php(36): CodeIgniter\Model->update()
 6 SYSTEMPATH\CodeIgniter.php(919): App\Controllers\ProductsController->save()
 7 SYSTEMPATH\CodeIgniter.php(494): CodeIgniter\CodeIgniter->runController(Object(App\Controllers\ProductsController))
 8 SYSTEMPATH\CodeIgniter.php(353): CodeIgniter\CodeIgniter->handleRequest(null, Object(Config\Cache), false)
 9 FCPATH\index.php(79): CodeIgniter\CodeIgniter->run()
10 SYSTEMPATH\Commands\Server\rewrite.php(47): require_once('C:\\laragon\\www\\Products\\public\\index.php')
ERROR - 2023-09-23 00:55:04 --> mysqli_sql_exception: Cannot add or update a child row: a foreign key constraint fails (`productsdb`.`table_products`, CONSTRAINT `FK_ProductCategory` FOREIGN KEY (`ProductCategory`) REFERENCES `table_category` (`ProductCategory`)) in C:\laragon\www\Products\system\Database\MySQLi\Connection.php:306
Stack trace:
#0 C:\laragon\www\Products\system\Database\MySQLi\Connection.php(306): mysqli->query('UPDATE `table_p...', 0)
#1 C:\laragon\www\Products\system\Database\BaseConnection.php(692): CodeIgniter\Database\MySQLi\Connection->execute('UPDATE `table_p...')
#2 C:\laragon\www\Products\system\Database\BaseConnection.php(606): CodeIgniter\Database\BaseConnection->simpleQuery('UPDATE `table_p...')
#3 C:\laragon\www\Products\system\Database\BaseBuilder.php(2475): CodeIgniter\Database\BaseConnection->query('UPDATE `table_p...', Array, false)
#4 C:\laragon\www\Products\system\Model.php(385): CodeIgniter\Database\BaseBuilder->update()
#5 C:\laragon\www\Products\system\BaseModel.php(949): CodeIgniter\Model->doUpdate(NULL, Array)
#6 C:\laragon\www\Products\system\Model.php(776): CodeIgniter\BaseModel->update(NULL, Array)
#7 C:\laragon\www\Products\app\Controllers\ProductsController.php(36): CodeIgniter\Model->update()
#8 C:\laragon\www\Products\system\CodeIgniter.php(919): App\Controllers\ProductsController->save()
#9 C:\laragon\www\Products\system\CodeIgniter.php(494): CodeIgniter\CodeIgniter->runController(Object(App\Controllers\ProductsController))
#10 C:\laragon\www\Products\system\CodeIgniter.php(353): CodeIgniter\CodeIgniter->handleRequest(NULL, Object(Config\Cache), false)
#11 C:\laragon\www\Products\public\index.php(79): CodeIgniter\CodeIgniter->run()
#12 C:\laragon\www\Products\system\Commands\Server\rewrite.php(47): require_once('C:\\laragon\\www\\...')
#13 {main}
CRITICAL - 2023-09-23 00:55:04 --> Cannot add or update a child row: a foreign key constraint fails (`productsdb`.`table_products`, CONSTRAINT `FK_ProductCategory` FOREIGN KEY (`ProductCategory`) REFERENCES `table_category` (`ProductCategory`))
in SYSTEMPATH\Database\BaseConnection.php on line 646.
 1 SYSTEMPATH\Database\BaseBuilder.php(2475): CodeIgniter\Database\BaseConnection->query('UPDATE `table_products` SET `ProductName` = :ProductName:, `ProductDescription` = :ProductDescription:, `ProductCategory` = :ProductCategory:, `ProductQuantity` = :ProductQuantity:, `ProductPrice` = :ProductPrice:
WHERE `ProdId` = :ProdId:', [...], false)
 2 SYSTEMPATH\Model.php(385): CodeIgniter\Database\BaseBuilder->update()
 3 SYSTEMPATH\BaseModel.php(949): CodeIgniter\Model->doUpdate(null, [...])
 4 SYSTEMPATH\Model.php(776): CodeIgniter\BaseModel->update(null, [...])
 5 APPPATH\Controllers\ProductsController.php(36): CodeIgniter\Model->update()
 6 SYSTEMPATH\CodeIgniter.php(919): App\Controllers\ProductsController->save()
 7 SYSTEMPATH\CodeIgniter.php(494): CodeIgniter\CodeIgniter->runController(Object(App\Controllers\ProductsController))
 8 SYSTEMPATH\CodeIgniter.php(353): CodeIgniter\CodeIgniter->handleRequest(null, Object(Config\Cache), false)
 9 FCPATH\index.php(79): CodeIgniter\CodeIgniter->run()
10 SYSTEMPATH\Commands\Server\rewrite.php(47): require_once('C:\\laragon\\www\\Products\\public\\index.php')
ERROR - 2023-09-23 00:55:33 --> mysqli_sql_exception: Cannot add or update a child row: a foreign key constraint fails (`productsdb`.`table_products`, CONSTRAINT `FK_ProductCategory` FOREIGN KEY (`ProductCategory`) REFERENCES `table_category` (`ProductCategory`)) in C:\laragon\www\Products\system\Database\MySQLi\Connection.php:306
Stack trace:
#0 C:\laragon\www\Products\system\Database\MySQLi\Connection.php(306): mysqli->query('UPDATE `table_p...', 0)
#1 C:\laragon\www\Products\system\Database\BaseConnection.php(692): CodeIgniter\Database\MySQLi\Connection->execute('UPDATE `table_p...')
#2 C:\laragon\www\Products\system\Database\BaseConnection.php(606): CodeIgniter\Database\BaseConnection->simpleQuery('UPDATE `table_p...')
#3 C:\laragon\www\Products\system\Database\BaseBuilder.php(2475): CodeIgniter\Database\BaseConnection->query('UPDATE `table_p...', Array, false)
#4 C:\laragon\www\Products\system\Model.php(385): CodeIgniter\Database\BaseBuilder->update()
#5 C:\laragon\www\Products\system\BaseModel.php(949): CodeIgniter\Model->doUpdate(NULL, Array)
#6 C:\laragon\www\Products\system\Model.php(776): CodeIgniter\BaseModel->update(NULL, Array)
#7 C:\laragon\www\Products\app\Controllers\ProductsController.php(36): CodeIgniter\Model->update()
#8 C:\laragon\www\Products\system\CodeIgniter.php(919): App\Controllers\ProductsController->save()
#9 C:\laragon\www\Products\system\CodeIgniter.php(494): CodeIgniter\CodeIgniter->runController(Object(App\Controllers\ProductsController))
#10 C:\laragon\www\Products\system\CodeIgniter.php(353): CodeIgniter\CodeIgniter->handleRequest(NULL, Object(Config\Cache), false)
#11 C:\laragon\www\Products\public\index.php(79): CodeIgniter\CodeIgniter->run()
#12 C:\laragon\www\Products\system\Commands\Server\rewrite.php(47): require_once('C:\\laragon\\www\\...')
#13 {main}
CRITICAL - 2023-09-23 00:55:33 --> Cannot add or update a child row: a foreign key constraint fails (`productsdb`.`table_products`, CONSTRAINT `FK_ProductCategory` FOREIGN KEY (`ProductCategory`) REFERENCES `table_category` (`ProductCategory`))
in SYSTEMPATH\Database\BaseConnection.php on line 646.
 1 SYSTEMPATH\Database\BaseBuilder.php(2475): CodeIgniter\Database\BaseConnection->query('UPDATE `table_products` SET `ProductName` = :ProductName:, `ProductDescription` = :ProductDescription:, `ProductCategory` = :ProductCategory:, `ProductQuantity` = :ProductQuantity:, `ProductPrice` = :ProductPrice:
WHERE `ProdId` = :ProdId:', [...], false)
 2 SYSTEMPATH\Model.php(385): CodeIgniter\Database\BaseBuilder->update()
 3 SYSTEMPATH\BaseModel.php(949): CodeIgniter\Model->doUpdate(null, [...])
 4 SYSTEMPATH\Model.php(776): CodeIgniter\BaseModel->update(null, [...])
 5 APPPATH\Controllers\ProductsController.php(36): CodeIgniter\Model->update()
 6 SYSTEMPATH\CodeIgniter.php(919): App\Controllers\ProductsController->save()
 7 SYSTEMPATH\CodeIgniter.php(494): CodeIgniter\CodeIgniter->runController(Object(App\Controllers\ProductsController))
 8 SYSTEMPATH\CodeIgniter.php(353): CodeIgniter\CodeIgniter->handleRequest(null, Object(Config\Cache), false)
 9 FCPATH\index.php(79): CodeIgniter\CodeIgniter->run()
10 SYSTEMPATH\Commands\Server\rewrite.php(47): require_once('C:\\laragon\\www\\Products\\public\\index.php')
ERROR - 2023-09-23 00:58:00 --> mysqli_sql_exception: Cannot add or update a child row: a foreign key constraint fails (`productsdb`.`table_products`, CONSTRAINT `FK_ProductCategory` FOREIGN KEY (`ProductCategory`) REFERENCES `table_category` (`ProductCategory`)) in C:\laragon\www\Products\system\Database\MySQLi\Connection.php:306
Stack trace:
#0 C:\laragon\www\Products\system\Database\MySQLi\Connection.php(306): mysqli->query('UPDATE `table_p...', 0)
#1 C:\laragon\www\Products\system\Database\BaseConnection.php(692): CodeIgniter\Database\MySQLi\Connection->execute('UPDATE `table_p...')
#2 C:\laragon\www\Products\system\Database\BaseConnection.php(606): CodeIgniter\Database\BaseConnection->simpleQuery('UPDATE `table_p...')
#3 C:\laragon\www\Products\system\Database\BaseBuilder.php(2475): CodeIgniter\Database\BaseConnection->query('UPDATE `table_p...', Array, false)
#4 C:\laragon\www\Products\system\Model.php(385): CodeIgniter\Database\BaseBuilder->update()
#5 C:\laragon\www\Products\system\BaseModel.php(949): CodeIgniter\Model->doUpdate(NULL, Array)
#6 C:\laragon\www\Products\system\Model.php(776): CodeIgniter\BaseModel->update(NULL, Array)
#7 C:\laragon\www\Products\app\Controllers\ProductsController.php(36): CodeIgniter\Model->update()
#8 C:\laragon\www\Products\system\CodeIgniter.php(919): App\Controllers\ProductsController->save()
#9 C:\laragon\www\Products\system\CodeIgniter.php(494): CodeIgniter\CodeIgniter->runController(Object(App\Controllers\ProductsController))
#10 C:\laragon\www\Products\system\CodeIgniter.php(353): CodeIgniter\CodeIgniter->handleRequest(NULL, Object(Config\Cache), false)
#11 C:\laragon\www\Products\public\index.php(79): CodeIgniter\CodeIgniter->run()
#12 C:\laragon\www\Products\system\Commands\Server\rewrite.php(47): require_once('C:\\laragon\\www\\...')
#13 {main}
CRITICAL - 2023-09-23 00:58:00 --> Cannot add or update a child row: a foreign key constraint fails (`productsdb`.`table_products`, CONSTRAINT `FK_ProductCategory` FOREIGN KEY (`ProductCategory`) REFERENCES `table_category` (`ProductCategory`))
in SYSTEMPATH\Database\BaseConnection.php on line 646.
 1 SYSTEMPATH\Database\BaseBuilder.php(2475): CodeIgniter\Database\BaseConnection->query('UPDATE `table_products` SET `ProductName` = :ProductName:, `ProductDescription` = :ProductDescription:, `ProductCategory` = :ProductCategory:, `ProductQuantity` = :ProductQuantity:, `ProductPrice` = :ProductPrice:
WHERE `ProdId` = :ProdId:', [...], false)
 2 SYSTEMPATH\Model.php(385): CodeIgniter\Database\BaseBuilder->update()
 3 SYSTEMPATH\BaseModel.php(949): CodeIgniter\Model->doUpdate(null, [...])
 4 SYSTEMPATH\Model.php(776): CodeIgniter\BaseModel->update(null, [...])
 5 APPPATH\Controllers\ProductsController.php(36): CodeIgniter\Model->update()
 6 SYSTEMPATH\CodeIgniter.php(919): App\Controllers\ProductsController->save()
 7 SYSTEMPATH\CodeIgniter.php(494): CodeIgniter\CodeIgniter->runController(Object(App\Controllers\ProductsController))
 8 SYSTEMPATH\CodeIgniter.php(353): CodeIgniter\CodeIgniter->handleRequest(null, Object(Config\Cache), false)
 9 FCPATH\index.php(79): CodeIgniter\CodeIgniter->run()
10 SYSTEMPATH\Commands\Server\rewrite.php(47): require_once('C:\\laragon\\www\\Products\\public\\index.php')
ERROR - 2023-09-23 01:01:51 --> mysqli_sql_exception: Cannot delete or update a parent row: a foreign key constraint fails (`productsdb`.`table_products`, CONSTRAINT `FK_ProductCategory` FOREIGN KEY (`ProductCategory`) REFERENCES `table_category` (`ProductCategory`)) in C:\laragon\www\Products\system\Database\MySQLi\Connection.php:306
Stack trace:
#0 C:\laragon\www\Products\system\Database\MySQLi\Connection.php(306): mysqli->query('UPDATE `table_c...', 0)
#1 C:\laragon\www\Products\system\Database\BaseConnection.php(692): CodeIgniter\Database\MySQLi\Connection->execute('UPDATE `table_c...')
#2 C:\laragon\www\Products\system\Database\BaseConnection.php(606): CodeIgniter\Database\BaseConnection->simpleQuery('UPDATE `table_c...')
#3 C:\laragon\www\Products\system\Database\BaseBuilder.php(2475): CodeIgniter\Database\BaseConnection->query('UPDATE `table_c...', Array, false)
#4 C:\laragon\www\Products\system\Model.php(385): CodeIgniter\Database\BaseBuilder->update()
#5 C:\laragon\www\Products\system\BaseModel.php(949): CodeIgniter\Model->doUpdate(NULL, Array)
#6 C:\laragon\www\Products\system\Model.php(776): CodeIgniter\BaseModel->update(NULL, Array)
#7 C:\laragon\www\Products\app\Controllers\ProductsController.php(70): CodeIgniter\Model->update()
#8 C:\laragon\www\Products\system\CodeIgniter.php(919): App\Controllers\ProductsController->saveCat()
#9 C:\laragon\www\Products\system\CodeIgniter.php(494): CodeIgniter\CodeIgniter->runController(Object(App\Controllers\ProductsController))
#10 C:\laragon\www\Products\system\CodeIgniter.php(353): CodeIgniter\CodeIgniter->handleRequest(NULL, Object(Config\Cache), false)
#11 C:\laragon\www\Products\public\index.php(79): CodeIgniter\CodeIgniter->run()
#12 C:\laragon\www\Products\system\Commands\Server\rewrite.php(47): require_once('C:\\laragon\\www\\...')
#13 {main}
CRITICAL - 2023-09-23 01:01:51 --> Cannot delete or update a parent row: a foreign key constraint fails (`productsdb`.`table_products`, CONSTRAINT `FK_ProductCategory` FOREIGN KEY (`ProductCategory`) REFERENCES `table_category` (`ProductCategory`))
in SYSTEMPATH\Database\BaseConnection.php on line 646.
 1 SYSTEMPATH\Database\BaseBuilder.php(2475): CodeIgniter\Database\BaseConnection->query('UPDATE `table_category` SET `ProductCategory` = :ProductCategory:
WHERE `CatId` = :CatId:', [...], false)
 2 SYSTEMPATH\Model.php(385): CodeIgniter\Database\BaseBuilder->update()
 3 SYSTEMPATH\BaseModel.php(949): CodeIgniter\Model->doUpdate(null, [...])
 4 SYSTEMPATH\Model.php(776): CodeIgniter\BaseModel->update(null, [...])
 5 APPPATH\Controllers\ProductsController.php(70): CodeIgniter\Model->update()
 6 SYSTEMPATH\CodeIgniter.php(919): App\Controllers\ProductsController->saveCat()
 7 SYSTEMPATH\CodeIgniter.php(494): CodeIgniter\CodeIgniter->runController(Object(App\Controllers\ProductsController))
 8 SYSTEMPATH\CodeIgniter.php(353): CodeIgniter\CodeIgniter->handleRequest(null, Object(Config\Cache), false)
 9 FCPATH\index.php(79): CodeIgniter\CodeIgniter->run()
10 SYSTEMPATH\Commands\Server\rewrite.php(47): require_once('C:\\laragon\\www\\Products\\public\\index.php')
ERROR - 2023-09-23 01:02:19 --> mysqli_sql_exception: Cannot delete or update a parent row: a foreign key constraint fails (`productsdb`.`table_products`, CONSTRAINT `FK_ProductCategory` FOREIGN KEY (`ProductCategory`) REFERENCES `table_category` (`ProductCategory`)) in C:\laragon\www\Products\system\Database\MySQLi\Connection.php:306
Stack trace:
#0 C:\laragon\www\Products\system\Database\MySQLi\Connection.php(306): mysqli->query('DELETE FROM `ta...', 0)
#1 C:\laragon\www\Products\system\Database\BaseConnection.php(692): CodeIgniter\Database\MySQLi\Connection->execute('DELETE FROM `ta...')
#2 C:\laragon\www\Products\system\Database\BaseConnection.php(606): CodeIgniter\Database\BaseConnection->simpleQuery('DELETE FROM `ta...')
#3 C:\laragon\www\Products\system\Database\BaseBuilder.php(2790): CodeIgniter\Database\BaseConnection->query('DELETE FROM `ta...', Array, false)
#4 C:\laragon\www\Products\system\Model.php(445): CodeIgniter\Database\BaseBuilder->delete()
#5 C:\laragon\www\Products\system\BaseModel.php(1080): CodeIgniter\Model->doDelete(Array, false)
#6 C:\laragon\www\Products\app\Controllers\ProductsController.php(88): CodeIgniter\BaseModel->delete(Array)
#7 C:\laragon\www\Products\system\CodeIgniter.php(919): App\Controllers\ProductsController->deleteCat('6')
#8 C:\laragon\www\Products\system\CodeIgniter.php(494): CodeIgniter\CodeIgniter->runController(Object(App\Controllers\ProductsController))
#9 C:\laragon\www\Products\system\CodeIgniter.php(353): CodeIgniter\CodeIgniter->handleRequest(NULL, Object(Config\Cache), false)
#10 C:\laragon\www\Products\public\index.php(79): CodeIgniter\CodeIgniter->run()
#11 C:\laragon\www\Products\system\Commands\Server\rewrite.php(47): require_once('C:\\laragon\\www\\...')
#12 {main}
CRITICAL - 2023-09-23 01:02:19 --> Cannot delete or update a parent row: a foreign key constraint fails (`productsdb`.`table_products`, CONSTRAINT `FK_ProductCategory` FOREIGN KEY (`ProductCategory`) REFERENCES `table_category` (`ProductCategory`))
in SYSTEMPATH\Database\BaseConnection.php on line 646.
 1 SYSTEMPATH\Database\BaseBuilder.php(2790): CodeIgniter\Database\BaseConnection->query('DELETE FROM `table_category`
WHERE `CatId` IN :CatId:', [...], false)
 2 SYSTEMPATH\Model.php(445): CodeIgniter\Database\BaseBuilder->delete()
 3 SYSTEMPATH\BaseModel.php(1080): CodeIgniter\Model->doDelete([...], false)
 4 APPPATH\Controllers\ProductsController.php(88): CodeIgniter\BaseModel->delete([...])
 5 SYSTEMPATH\CodeIgniter.php(919): App\Controllers\ProductsController->deleteCat('6')
 6 SYSTEMPATH\CodeIgniter.php(494): CodeIgniter\CodeIgniter->runController(Object(App\Controllers\ProductsController))
 7 SYSTEMPATH\CodeIgniter.php(353): CodeIgniter\CodeIgniter->handleRequest(null, Object(Config\Cache), false)
 8 FCPATH\index.php(79): CodeIgniter\CodeIgniter->run()
 9 SYSTEMPATH\Commands\Server\rewrite.php(47): require_once('C:\\laragon\\www\\Products\\public\\index.php')
ERROR - 2023-09-23 01:05:38 --> mysqli_sql_exception: Cannot delete or update a parent row: a foreign key constraint fails (`productsdb`.`table_products`, CONSTRAINT `FK_ProductCategory` FOREIGN KEY (`ProductCategory`) REFERENCES `table_category` (`ProductCategory`)) in C:\laragon\www\Products\system\Database\MySQLi\Connection.php:306
Stack trace:
#0 C:\laragon\www\Products\system\Database\MySQLi\Connection.php(306): mysqli->query('UPDATE `table_c...', 0)
#1 C:\laragon\www\Products\system\Database\BaseConnection.php(692): CodeIgniter\Database\MySQLi\Connection->execute('UPDATE `table_c...')
#2 C:\laragon\www\Products\system\Database\BaseConnection.php(606): CodeIgniter\Database\BaseConnection->simpleQuery('UPDATE `table_c...')
#3 C:\laragon\www\Products\system\Database\BaseBuilder.php(2475): CodeIgniter\Database\BaseConnection->query('UPDATE `table_c...', Array, false)
#4 C:\laragon\www\Products\system\Model.php(385): CodeIgniter\Database\BaseBuilder->update()
#5 C:\laragon\www\Products\system\BaseModel.php(949): CodeIgniter\Model->doUpdate(NULL, Array)
#6 C:\laragon\www\Products\system\Model.php(776): CodeIgniter\BaseModel->update(NULL, Array)
#7 C:\laragon\www\Products\app\Controllers\ProductsController.php(70): CodeIgniter\Model->update()
#8 C:\laragon\www\Products\system\CodeIgniter.php(919): App\Controllers\ProductsController->saveCat()
#9 C:\laragon\www\Products\system\CodeIgniter.php(494): CodeIgniter\CodeIgniter->runController(Object(App\Controllers\ProductsController))
#10 C:\laragon\www\Products\system\CodeIgniter.php(353): CodeIgniter\CodeIgniter->handleRequest(NULL, Object(Config\Cache), false)
#11 C:\laragon\www\Products\public\index.php(79): CodeIgniter\CodeIgniter->run()
#12 C:\laragon\www\Products\system\Commands\Server\rewrite.php(47): require_once('C:\\laragon\\www\\...')
#13 {main}
CRITICAL - 2023-09-23 01:05:38 --> Cannot delete or update a parent row: a foreign key constraint fails (`productsdb`.`table_products`, CONSTRAINT `FK_ProductCategory` FOREIGN KEY (`ProductCategory`) REFERENCES `table_category` (`ProductCategory`))
in SYSTEMPATH\Database\BaseConnection.php on line 646.
 1 SYSTEMPATH\Database\BaseBuilder.php(2475): CodeIgniter\Database\BaseConnection->query('UPDATE `table_category` SET `ProductCategory` = :ProductCategory:
WHERE `CatId` = :CatId:', [...], false)
 2 SYSTEMPATH\Model.php(385): CodeIgniter\Database\BaseBuilder->update()
 3 SYSTEMPATH\BaseModel.php(949): CodeIgniter\Model->doUpdate(null, [...])
 4 SYSTEMPATH\Model.php(776): CodeIgniter\BaseModel->update(null, [...])
 5 APPPATH\Controllers\ProductsController.php(70): CodeIgniter\Model->update()
 6 SYSTEMPATH\CodeIgniter.php(919): App\Controllers\ProductsController->saveCat()
 7 SYSTEMPATH\CodeIgniter.php(494): CodeIgniter\CodeIgniter->runController(Object(App\Controllers\ProductsController))
 8 SYSTEMPATH\CodeIgniter.php(353): CodeIgniter\CodeIgniter->handleRequest(null, Object(Config\Cache), false)
 9 FCPATH\index.php(79): CodeIgniter\CodeIgniter->run()
10 SYSTEMPATH\Commands\Server\rewrite.php(47): require_once('C:\\laragon\\www\\Products\\public\\index.php')
ERROR - 2023-09-23 01:15:05 --> mysqli_sql_exception: Cannot add or update a child row: a foreign key constraint fails (`productsdb`.`table_products`, CONSTRAINT `FK_ProductCategory` FOREIGN KEY (`ProductCategory`) REFERENCES `table_category` (`ProductCategory`)) in C:\laragon\www\Products\system\Database\MySQLi\Connection.php:306
Stack trace:
#0 C:\laragon\www\Products\system\Database\MySQLi\Connection.php(306): mysqli->query('INSERT INTO `ta...', 0)
#1 C:\laragon\www\Products\system\Database\BaseConnection.php(692): CodeIgniter\Database\MySQLi\Connection->execute('INSERT INTO `ta...')
#2 C:\laragon\www\Products\system\Database\BaseConnection.php(606): CodeIgniter\Database\BaseConnection->simpleQuery('INSERT INTO `ta...')
#3 C:\laragon\www\Products\system\Database\BaseBuilder.php(2308): CodeIgniter\Database\BaseConnection->query('INSERT INTO `ta...', Array, false)
#4 C:\laragon\www\Products\system\Model.php(319): CodeIgniter\Database\BaseBuilder->insert()
#5 C:\laragon\www\Products\system\BaseModel.php(788): CodeIgniter\Model->doInsert(Array)
#6 C:\laragon\www\Products\system\Model.php(715): CodeIgniter\BaseModel->insert(Array, false)
#7 C:\laragon\www\Products\system\BaseModel.php(698): CodeIgniter\Model->insert(Array, false)
#8 C:\laragon\www\Products\app\Controllers\ProductsController.php(38): CodeIgniter\BaseModel->save(Array)
#9 C:\laragon\www\Products\system\CodeIgniter.php(919): App\Controllers\ProductsController->save()
#10 C:\laragon\www\Products\system\CodeIgniter.php(494): CodeIgniter\CodeIgniter->runController(Object(App\Controllers\ProductsController))
#11 C:\laragon\www\Products\system\CodeIgniter.php(353): CodeIgniter\CodeIgniter->handleRequest(NULL, Object(Config\Cache), false)
#12 C:\laragon\www\Products\public\index.php(79): CodeIgniter\CodeIgniter->run()
#13 C:\laragon\www\Products\system\Commands\Server\rewrite.php(47): require_once('C:\\laragon\\www\\...')
#14 {main}
CRITICAL - 2023-09-23 01:15:05 --> Cannot add or update a child row: a foreign key constraint fails (`productsdb`.`table_products`, CONSTRAINT `FK_ProductCategory` FOREIGN KEY (`ProductCategory`) REFERENCES `table_category` (`ProductCategory`))
in SYSTEMPATH\Database\BaseConnection.php on line 646.
 1 SYSTEMPATH\Database\BaseBuilder.php(2308): CodeIgniter\Database\BaseConnection->query('INSERT INTO `table_products` (`ProductName`, `ProductDescription`, `ProductCategory`, `ProductQuantity`, `ProductPrice`) VALUES (:ProductName:, :ProductDescription:, :ProductCategory:, :ProductQuantity:, :ProductPrice:)', [...], false)
 2 SYSTEMPATH\Model.php(319): CodeIgniter\Database\BaseBuilder->insert()
 3 SYSTEMPATH\BaseModel.php(788): CodeIgniter\Model->doInsert([...])
 4 SYSTEMPATH\Model.php(715): CodeIgniter\BaseModel->insert([...], false)
 5 SYSTEMPATH\BaseModel.php(698): CodeIgniter\Model->insert([...], false)
 6 APPPATH\Controllers\ProductsController.php(38): CodeIgniter\BaseModel->save([...])
 7 SYSTEMPATH\CodeIgniter.php(919): App\Controllers\ProductsController->save()
 8 SYSTEMPATH\CodeIgniter.php(494): CodeIgniter\CodeIgniter->runController(Object(App\Controllers\ProductsController))
 9 SYSTEMPATH\CodeIgniter.php(353): CodeIgniter\CodeIgniter->handleRequest(null, Object(Config\Cache), false)
10 FCPATH\index.php(79): CodeIgniter\CodeIgniter->run()
11 SYSTEMPATH\Commands\Server\rewrite.php(47): require_once('C:\\laragon\\www\\Products\\public\\index.php')
ERROR - 2023-09-23 01:16:10 --> mysqli_sql_exception: Cannot add or update a child row: a foreign key constraint fails (`productsdb`.`table_products`, CONSTRAINT `FK_ProductCategory` FOREIGN KEY (`ProductCategory`) REFERENCES `table_category` (`ProductCategory`)) in C:\laragon\www\Products\system\Database\MySQLi\Connection.php:306
Stack trace:
#0 C:\laragon\www\Products\system\Database\MySQLi\Connection.php(306): mysqli->query('UPDATE `table_p...', 0)
#1 C:\laragon\www\Products\system\Database\BaseConnection.php(692): CodeIgniter\Database\MySQLi\Connection->execute('UPDATE `table_p...')
#2 C:\laragon\www\Products\system\Database\BaseConnection.php(606): CodeIgniter\Database\BaseConnection->simpleQuery('UPDATE `table_p...')
#3 C:\laragon\www\Products\system\Database\BaseBuilder.php(2475): CodeIgniter\Database\BaseConnection->query('UPDATE `table_p...', Array, false)
#4 C:\laragon\www\Products\system\Model.php(385): CodeIgniter\Database\BaseBuilder->update()
#5 C:\laragon\www\Products\system\BaseModel.php(949): CodeIgniter\Model->doUpdate(NULL, Array)
#6 C:\laragon\www\Products\system\Model.php(776): CodeIgniter\BaseModel->update(NULL, Array)
#7 C:\laragon\www\Products\app\Controllers\ProductsController.php(36): CodeIgniter\Model->update()
#8 C:\laragon\www\Products\system\CodeIgniter.php(919): App\Controllers\ProductsController->save()
#9 C:\laragon\www\Products\system\CodeIgniter.php(494): CodeIgniter\CodeIgniter->runController(Object(App\Controllers\ProductsController))
#10 C:\laragon\www\Products\system\CodeIgniter.php(353): CodeIgniter\CodeIgniter->handleRequest(NULL, Object(Config\Cache), false)
#11 C:\laragon\www\Products\public\index.php(79): CodeIgniter\CodeIgniter->run()
#12 C:\laragon\www\Products\system\Commands\Server\rewrite.php(47): require_once('C:\\laragon\\www\\...')
#13 {main}
CRITICAL - 2023-09-23 01:16:10 --> Cannot add or update a child row: a foreign key constraint fails (`productsdb`.`table_products`, CONSTRAINT `FK_ProductCategory` FOREIGN KEY (`ProductCategory`) REFERENCES `table_category` (`ProductCategory`))
in SYSTEMPATH\Database\BaseConnection.php on line 646.
 1 SYSTEMPATH\Database\BaseBuilder.php(2475): CodeIgniter\Database\BaseConnection->query('UPDATE `table_products` SET `ProductName` = :ProductName:, `ProductDescription` = :ProductDescription:, `ProductCategory` = :ProductCategory:, `ProductQuantity` = :ProductQuantity:, `ProductPrice` = :ProductPrice:
WHERE `ProdId` = :ProdId:', [...], false)
 2 SYSTEMPATH\Model.php(385): CodeIgniter\Database\BaseBuilder->update()
 3 SYSTEMPATH\BaseModel.php(949): CodeIgniter\Model->doUpdate(null, [...])
 4 SYSTEMPATH\Model.php(776): CodeIgniter\BaseModel->update(null, [...])
 5 APPPATH\Controllers\ProductsController.php(36): CodeIgniter\Model->update()
 6 SYSTEMPATH\CodeIgniter.php(919): App\Controllers\ProductsController->save()
 7 SYSTEMPATH\CodeIgniter.php(494): CodeIgniter\CodeIgniter->runController(Object(App\Controllers\ProductsController))
 8 SYSTEMPATH\CodeIgniter.php(353): CodeIgniter\CodeIgniter->handleRequest(null, Object(Config\Cache), false)
 9 FCPATH\index.php(79): CodeIgniter\CodeIgniter->run()
10 SYSTEMPATH\Commands\Server\rewrite.php(47): require_once('C:\\laragon\\www\\Products\\public\\index.php')
ERROR - 2023-09-23 01:31:00 --> mysqli_sql_exception: Unknown column 'ProductPrice' in 'field list' in C:\laragon\www\Products\system\Database\MySQLi\Connection.php:306
Stack trace:
#0 C:\laragon\www\Products\system\Database\MySQLi\Connection.php(306): mysqli->query('INSERT INTO `ta...', 0)
#1 C:\laragon\www\Products\system\Database\BaseConnection.php(692): CodeIgniter\Database\MySQLi\Connection->execute('INSERT INTO `ta...')
#2 C:\laragon\www\Products\system\Database\BaseConnection.php(606): CodeIgniter\Database\BaseConnection->simpleQuery('INSERT INTO `ta...')
#3 C:\laragon\www\Products\system\Database\BaseBuilder.php(2308): CodeIgniter\Database\BaseConnection->query('INSERT INTO `ta...', Array, false)
#4 C:\laragon\www\Products\system\Model.php(319): CodeIgniter\Database\BaseBuilder->insert()
#5 C:\laragon\www\Products\system\BaseModel.php(788): CodeIgniter\Model->doInsert(Array)
#6 C:\laragon\www\Products\system\Model.php(715): CodeIgniter\BaseModel->insert(Array, false)
#7 C:\laragon\www\Products\system\BaseModel.php(698): CodeIgniter\Model->insert(Array, false)
#8 C:\laragon\www\Products\app\Controllers\ProductsController.php(38): CodeIgniter\BaseModel->save(Array)
#9 C:\laragon\www\Products\system\CodeIgniter.php(919): App\Controllers\ProductsController->save()
#10 C:\laragon\www\Products\system\CodeIgniter.php(494): CodeIgniter\CodeIgniter->runController(Object(App\Controllers\ProductsController))
#11 C:\laragon\www\Products\system\CodeIgniter.php(353): CodeIgniter\CodeIgniter->handleRequest(NULL, Object(Config\Cache), false)
#12 C:\laragon\www\Products\public\index.php(79): CodeIgniter\CodeIgniter->run()
#13 C:\laragon\www\Products\system\Commands\Server\rewrite.php(47): require_once('C:\\laragon\\www\\...')
#14 {main}
CRITICAL - 2023-09-23 01:31:01 --> Unknown column 'ProductPrice' in 'field list'
in SYSTEMPATH\Database\BaseConnection.php on line 646.
 1 SYSTEMPATH\Database\BaseBuilder.php(2308): CodeIgniter\Database\BaseConnection->query('INSERT INTO `table_products` (`ProductName`, `ProductDescription`, `ProductCategory`, `ProductQuantity`, `ProductPrice`) VALUES (:ProductName:, :ProductDescription:, :ProductCategory:, :ProductQuantity:, :ProductPrice:)', [...], false)
 2 SYSTEMPATH\Model.php(319): CodeIgniter\Database\BaseBuilder->insert()
 3 SYSTEMPATH\BaseModel.php(788): CodeIgniter\Model->doInsert([...])
 4 SYSTEMPATH\Model.php(715): CodeIgniter\BaseModel->insert([...], false)
 5 SYSTEMPATH\BaseModel.php(698): CodeIgniter\Model->insert([...], false)
 6 APPPATH\Controllers\ProductsController.php(38): CodeIgniter\BaseModel->save([...])
 7 SYSTEMPATH\CodeIgniter.php(919): App\Controllers\ProductsController->save()
 8 SYSTEMPATH\CodeIgniter.php(494): CodeIgniter\CodeIgniter->runController(Object(App\Controllers\ProductsController))
 9 SYSTEMPATH\CodeIgniter.php(353): CodeIgniter\CodeIgniter->handleRequest(null, Object(Config\Cache), false)
10 FCPATH\index.php(79): CodeIgniter\CodeIgniter->run()
11 SYSTEMPATH\Commands\Server\rewrite.php(47): require_once('C:\\laragon\\www\\Products\\public\\index.php')
